===================================================================
总共：28 成功：28 失败：0
坐标文件位置为：D:\testProgram\transformpro\point.json
===================================================================
===================================================================
总共：28 成功：28 失败：0

坐标文件位置为：D:\testProgram\transformpro\point\17-12-11 下午3:26.json
===================================================================
===================================================================
2017-12-11 15:35:02 [error] [transform-pool-0] 创建point.json文件失败！

总共：28 成功：28 失败：0

坐标文件位置为：D:\testProgram\transformpro\point\point.json
===================================================================

2017-12-11 15:35:42 [error] [transform-pool-0] 创建2017-12-11-15:35:42.json文件失败！
===================================================================
总共：28 成功：28 失败：0

坐标文件位置为：D:\testProgram\transformpro\point\point.json
===================================================================
===================================================================
总共：28 成功：28 失败：0

坐标文件位置为：D:\testProgram\transformpro\point\2017-12-11 15-37-25.json
===================================================================
